<?xml version="1.0" encoding="UTF-8"?>
<testng-results ignored="0" total="1" passed="1" failed="0" skipped="0">
  <reporter-output>
  </reporter-output>
  <suite started-at="2021-07-29T23:15:02 BST" name="Default suite" finished-at="2021-07-29T23:15:05 BST" duration-ms="3543">
    <groups>
    </groups>
    <test started-at="2021-07-29T23:15:02 BST" name="Default test" finished-at="2021-07-29T23:15:05 BST" duration-ms="3543">
      <class name="ApiMethods.GetRequest">
        <test-method signature="postRequest()[pri:0, instance:ApiMethods.GetRequest@5136d012]" started-at="2021-07-29T23:15:02 BST" name="postRequest" finished-at="2021-07-29T23:15:05 BST" duration-ms="3477" status="PASS">
          <reporter-output>
          </reporter-output>
        </test-method> <!-- postRequest -->
      </class> <!-- ApiMethods.GetRequest -->
    </test> <!-- Default test -->
  </suite> <!-- Default suite -->
</testng-results>
